[2018-01-28 04:25:07] START
[2018-01-28 04:35:36] EDIT simpleNN/controllers/default.py: -39
[2018-01-28 04:36:12] EDIT simpleNN/views/default/index.html: -37
[2018-01-28 04:42:57] EDIT simpleNN/views/default/index.html: 2
[2018-01-28 04:45:10] EDIT simpleNN/controllers/default.py: 4
[2018-01-28 04:45:49] EDIT simpleNN/controllers/default.py: -1
[2018-01-28 04:46:14] EDIT simpleNN/controllers/default.py: -4
[2018-01-28 04:47:15] EDIT simpleNN/controllers/default.py: 2
[2018-01-28 04:47:45] EDIT simpleNN/controllers/default.py: 7
[2018-01-28 16:19:35] EDIT simpleNN/controllers/default.py: 63
[2018-01-28 16:20:24] EDIT simpleNN/controllers/default.py: 0
[2018-01-28 16:21:51] EDIT simpleNN/controllers/default.py: 0
[2018-01-28 16:23:21] EDIT simpleNN/controllers/default.py: 0
[2018-01-28 16:24:04] EDIT simpleNN/controllers/default.py: 0
[2018-01-28 16:24:14] EDIT simpleNN/controllers/default.py: 0
[2018-01-28 16:25:56] EDIT simpleNN/controllers/default.py: 0
[2018-01-28 16:29:46] EDIT simpleNN/controllers/default.py: 1
[2018-01-28 16:30:04] EDIT simpleNN/controllers/default.py: 0
[2018-01-29 23:39:20] EDIT simpleNN/controllers/default.py: 0
[2018-01-30 00:08:12] EDIT simpleNN/controllers/default.py: 0
[2018-01-30 00:08:12] EDIT simpleNN/controllers/default.py: 0
[2018-01-30 00:17:20] EDIT simpleNN/views/default/index.html: 69
[2018-01-30 00:17:30] EDIT simpleNN/views/default/index.html: -1
[2018-01-30 00:17:30] EDIT simpleNN/views/default/index.html: 0
[2018-01-30 00:17:53] CREATE test-predict.html.py: 0
[2018-01-30 00:18:00] EDIT simpleNN/models/test-predict.html.py: 69
[2018-01-30 00:18:00] EDIT simpleNN/models/test-predict.html.py: 0
[2018-01-30 00:18:12] EDIT simpleNN/models/test-predict.html.py: 0
[2018-01-30 00:18:24] CREATE test-predict.html: 0
[2018-01-30 00:18:30] EDIT simpleNN/views/test-predict.html: 66
[2018-01-30 00:20:00] EDIT simpleNN/controllers/default.py: 1
[2018-01-30 00:20:00] EDIT simpleNN/controllers/default.py: 0
[2018-01-30 00:20:11] EDIT simpleNN/controllers/default.py: 0
[2018-01-30 00:20:11] EDIT simpleNN/controllers/default.py: 0
[2018-01-30 00:20:21] EDIT simpleNN/controllers/default.py: -1
[2018-01-30 00:20:27] EDIT simpleNN/controllers/default.py: 1
[2018-01-30 00:20:46] EDIT simpleNN/controllers/default.py: 0
[2018-01-30 00:21:04] CREATE test_predict.html: 0
[2018-01-30 00:21:49] EDIT simpleNN/views/test_predict.html: 66
[2018-01-30 00:21:49] EDIT simpleNN/views/test_predict.html: 0
[2018-01-30 00:23:49] DELETE simpleNN/views/test-predict.html: -69
[2018-01-30 00:23:55] DELETE simpleNN/views/test_predict.html: -69
[2018-01-30 00:24:07] DELETE simpleNN/models/test-predict.html.py: -69
[2018-01-30 00:24:21] CREATE pima1.py: 0
[2018-01-30 00:25:02] CREATE predict1.html: 0
[2018-01-30 00:25:15] EDIT simpleNN/views/predict1.html: 65
[2018-01-30 00:25:15] EDIT simpleNN/views/predict1.html: 0
[2018-01-30 00:25:50] CREATE pima1/predict1.html: 0
[2018-01-30 00:25:57] EDIT simpleNN/views/pima1/predict1.html: 66
[2018-01-30 00:25:57] EDIT simpleNN/views/pima1/predict1.html: 0
[2018-01-30 00:27:36] EDIT simpleNN/controllers/pima1.py: 1
[2018-01-30 00:27:36] EDIT simpleNN/controllers/pima1.py: 0
[2018-01-30 00:28:19] EDIT simpleNN/views/pima1/predict1.html: 0
[2018-01-30 00:28:45] EDIT simpleNN/controllers/default.py: -1
[2018-01-30 00:30:57] EDIT simpleNN/views/pima1/predict1.html: 0
[2018-01-30 00:31:21] CREATE pima1/result1.html: 0
[2018-01-30 00:31:34] EDIT simpleNN/controllers/pima1.py: 1
[2018-01-30 00:31:57] EDIT simpleNN/views/pima1/result1.html: 1
[2018-01-30 00:31:58] EDIT simpleNN/views/pima1/result1.html: 0
[2018-01-30 00:32:53] EDIT simpleNN/controllers/pima1.py: 1
[2018-01-30 00:32:54] EDIT simpleNN/controllers/pima1.py: 0
[2018-01-30 00:34:00] EDIT simpleNN/views/pima1/predict1.html: 0
[2018-01-30 00:34:00] EDIT simpleNN/views/pima1/predict1.html: 0
[2018-01-30 00:34:10] EDIT simpleNN/views/pima1/predict1.html: 0
[2018-01-30 00:34:10] EDIT simpleNN/views/pima1/predict1.html: 0
[2018-01-30 00:34:10] EDIT simpleNN/views/pima1/predict1.html: 0
[2018-01-30 00:34:28] EDIT simpleNN/views/pima1/predict1.html: 0
[2018-01-30 00:35:20] EDIT simpleNN/views/pima1/predict1.html: 0
[2018-01-30 00:35:20] EDIT simpleNN/views/pima1/predict1.html: 0
[2018-01-30 00:51:45] EDIT simpleNN/controllers/pima1.py: 1
[2018-01-30 00:54:06] EDIT simpleNN/views/pima1/predict1.html: 0
[2018-01-30 00:54:57] EDIT simpleNN/controllers/pima1.py: 0
[2018-01-30 00:55:45] EDIT simpleNN/views/pima1/predict1.html: 0
[2018-01-30 01:01:27] EDIT simpleNN/views/pima1/predict1.html: 1
[2018-01-30 01:01:28] EDIT simpleNN/views/pima1/predict1.html: 0
[2018-01-30 01:02:35] EDIT simpleNN/controllers/pima1.py: -1
[2018-01-30 01:02:35] EDIT simpleNN/controllers/pima1.py: 0
[2018-01-30 01:03:34] EDIT simpleNN/controllers/pima1.py: 1
[2018-01-30 01:03:34] EDIT simpleNN/controllers/pima1.py: 0
[2018-01-30 01:03:56] EDIT simpleNN/controllers/pima1.py: 1
[2018-01-30 01:03:56] EDIT simpleNN/controllers/pima1.py: 0
[2018-01-30 01:04:09] EDIT simpleNN/controllers/pima1.py: 1
[2018-01-30 01:04:10] EDIT simpleNN/controllers/pima1.py: 0
[2018-01-30 01:05:14] EDIT simpleNN/views/pima1/predict1.html: -1
[2018-01-30 01:05:22] EDIT simpleNN/views/pima1/predict1.html: 0
[2018-01-30 01:05:52] EDIT simpleNN/views/pima1/predict1.html: 0
[2018-01-30 01:05:53] EDIT simpleNN/views/pima1/predict1.html: 0
[2018-01-30 01:05:59] EDIT simpleNN/views/pima1/predict1.html: 0
[2018-01-30 01:06:35] EDIT simpleNN/controllers/pima1.py: -2
[2018-01-30 01:06:36] EDIT simpleNN/controllers/pima1.py: 0
[2018-01-30 01:06:49] EDIT simpleNN/controllers/pima1.py: 0
[2018-01-30 01:06:49] EDIT simpleNN/controllers/pima1.py: 0
[2018-01-30 01:07:21] EDIT simpleNN/views/pima1/predict1.html: 0
[2018-01-30 01:07:59] EDIT simpleNN/views/pima1/predict1.html: 0
[2018-01-30 01:08:04] EDIT simpleNN/controllers/pima1.py: 0
[2018-01-30 01:08:36] EDIT simpleNN/views/pima1/predict1.html: 0
[2018-01-30 01:09:04] EDIT simpleNN/controllers/pima1.py: 0
[2018-01-30 01:09:56] EDIT simpleNN/controllers/pima1.py: 0
[2018-01-30 01:09:57] EDIT simpleNN/controllers/pima1.py: 0
[2018-01-30 01:12:48] EDIT simpleNN/views/pima1/predict1.html: 0
[2018-01-30 01:12:49] EDIT simpleNN/views/pima1/predict1.html: 0
[2018-01-30 01:13:22] EDIT simpleNN/controllers/pima1.py: 0
[2018-01-30 01:13:29] EDIT simpleNN/views/pima1/result1.html: 0
[2018-01-30 01:13:51] EDIT simpleNN/views/pima1/predict1.html: 0
[2018-01-30 01:14:19] EDIT simpleNN/views/pima1/predict1.html: 1
[2018-01-30 01:18:08] EDIT simpleNN/controllers/pima1.py: 3
[2018-01-30 01:18:11] EDIT simpleNN/controllers/pima1.py: 0
[2018-01-30 01:18:15] EDIT simpleNN/controllers/pima1.py: 0
[2018-01-30 01:18:48] EDIT simpleNN/views/pima1/predict1.html: 6
[2018-01-30 01:18:48] EDIT simpleNN/views/pima1/predict1.html: 0
[2018-01-30 01:19:01] EDIT simpleNN/views/pima1/predict1.html: 0
[2018-01-30 01:19:01] EDIT simpleNN/views/pima1/predict1.html: 0
[2018-01-30 01:19:11] EDIT simpleNN/controllers/pima1.py: 0
[2018-01-30 01:19:14] EDIT simpleNN/views/pima1/result1.html: 0
[2018-01-30 01:19:45] EDIT simpleNN/controllers/pima1.py: -1
[2018-01-30 01:20:17] EDIT simpleNN/controllers/pima1.py: 1
[2018-01-30 01:20:18] EDIT simpleNN/controllers/pima1.py: 0
[2018-01-30 01:20:21] EDIT simpleNN/controllers/pima1.py: 0
[2018-01-30 01:23:24] EDIT simpleNN/controllers/pima1.py: -3
[2018-01-30 01:24:34] EDIT simpleNN/controllers/pima1.py: 6
[2018-01-30 01:25:23] EDIT simpleNN/controllers/pima1.py: 0
[2018-01-30 01:25:23] EDIT simpleNN/controllers/pima1.py: 0
[2018-01-30 01:26:14] EDIT simpleNN/controllers/pima1.py: 0
[2018-01-30 01:26:14] EDIT simpleNN/controllers/pima1.py: 0
[2018-01-30 01:26:20] EDIT simpleNN/controllers/pima1.py: -2
[2018-01-30 01:26:55] EDIT simpleNN/controllers/pima1.py: 0
[2018-01-30 01:27:41] EDIT simpleNN/views/pima1/predict1.html: 0
[2018-01-30 01:27:56] EDIT simpleNN/controllers/pima1.py: -1
[2018-01-30 01:28:54] EDIT simpleNN/views/pima1/predict1.html: 0
[2018-01-30 01:28:54] EDIT simpleNN/views/pima1/predict1.html: 0
[2018-01-30 01:29:31] EDIT simpleNN/views/pima1/predict1.html: 0
[2018-01-30 01:29:31] EDIT simpleNN/views/pima1/predict1.html: 0
[2018-01-30 01:29:40] EDIT simpleNN/views/pima1/predict1.html: 0
[2018-01-30 01:30:08] EDIT simpleNN/controllers/pima1.py: 0
[2018-01-30 01:30:36] EDIT simpleNN/views/pima1/predict1.html: 0
[2018-01-30 01:31:04] EDIT simpleNN/controllers/pima1.py: 1
[2018-01-30 01:31:05] EDIT simpleNN/controllers/pima1.py: 0
[2018-01-30 01:31:11] EDIT simpleNN/controllers/pima1.py: 0
[2018-01-30 01:31:12] EDIT simpleNN/controllers/pima1.py: 0
[2018-01-30 01:31:18] EDIT simpleNN/controllers/pima1.py: 0
[2018-01-30 01:31:41] EDIT simpleNN/controllers/pima1.py: 1
[2018-01-30 01:31:57] EDIT simpleNN/controllers/pima1.py: 0
[2018-01-30 01:33:52] EDIT simpleNN/controllers/pima1.py: 0
[2018-01-30 01:35:29] EDIT simpleNN/views/pima1/predict1.html: 0
[2018-01-30 01:35:29] EDIT simpleNN/views/pima1/predict1.html: 0
[2018-01-30 01:36:19] EDIT simpleNN/views/pima1/predict1.html: 1
[2018-01-30 01:36:52] EDIT simpleNN/views/pima1/predict1.html: 0
[2018-01-30 01:36:53] EDIT simpleNN/views/pima1/predict1.html: 0
[2018-01-30 01:37:19] EDIT simpleNN/views/pima1/predict1.html: 0
[2018-01-30 01:37:19] EDIT simpleNN/views/pima1/predict1.html: 0
[2018-01-30 01:37:22] EDIT simpleNN/views/pima1/predict1.html: 0
[2018-01-30 01:38:36] EDIT simpleNN/views/pima1/predict1.html: 0
[2018-01-30 01:39:18] EDIT simpleNN/views/pima1/predict1.html: 0
[2018-01-30 01:39:18] EDIT simpleNN/views/pima1/predict1.html: 0
[2018-01-30 01:39:18] EDIT simpleNN/views/pima1/predict1.html: 0
[2018-01-30 01:39:55] EDIT simpleNN/views/pima1/predict1.html: 0
[2018-01-30 01:40:03] EDIT simpleNN/views/pima1/predict1.html: 0
[2018-01-30 01:41:17] EDIT simpleNN/views/pima1/predict1.html: 0
[2018-01-30 01:41:30] EDIT simpleNN/views/pima1/predict1.html: 0
[2018-01-30 01:41:30] EDIT simpleNN/views/pima1/predict1.html: 0
[2018-01-30 01:43:03] EDIT simpleNN/views/pima1/predict1.html: 0
[2018-01-30 01:43:31] EDIT simpleNN/controllers/pima1.py: 0
[2018-01-30 01:43:36] EDIT simpleNN/views/pima1/predict1.html: 0
[2018-01-30 01:43:36] EDIT simpleNN/views/pima1/predict1.html: 0
[2018-01-30 10:32:07] EDIT simpleNN/views/pima1/predict1.html: 0
[2018-01-30 10:32:12] EDIT simpleNN/views/pima1/predict1.html: 0
[2018-01-30 10:32:14] EDIT simpleNN/views/pima1/predict1.html: 0
[2018-01-30 10:33:24] EDIT simpleNN/views/pima1/predict1.html: 0
[2018-01-30 10:33:24] EDIT simpleNN/views/pima1/predict1.html: 0
[2018-01-30 10:34:57] EDIT simpleNN/views/pima1/predict1.html: 0
[2018-01-30 10:36:34] EDIT simpleNN/views/pima1/predict1.html: 0
[2018-01-30 10:36:35] EDIT simpleNN/views/pima1/predict1.html: 0
[2018-01-30 10:36:47] EDIT simpleNN/views/pima1/predict1.html: 0
[2018-01-30 10:36:47] EDIT simpleNN/views/pima1/predict1.html: 0
[2018-01-30 10:38:20] EDIT simpleNN/controllers/pima1.py: 1
[2018-01-30 10:38:28] EDIT simpleNN/views/pima1/predict1.html: 0
[2018-01-30 10:38:52] EDIT simpleNN/controllers/pima1.py: 0
[2018-01-30 10:38:52] EDIT simpleNN/controllers/pima1.py: 0
[2018-01-30 10:39:01] EDIT simpleNN/controllers/pima1.py: 1
[2018-01-30 10:39:01] EDIT simpleNN/controllers/pima1.py: 0
[2018-01-30 10:40:44] EDIT simpleNN/controllers/pima1.py: 0
[2018-01-30 10:40:44] EDIT simpleNN/controllers/pima1.py: 0
[2018-01-30 10:41:01] EDIT simpleNN/controllers/pima1.py: 0
[2018-01-30 10:41:01] EDIT simpleNN/controllers/pima1.py: 0
[2018-01-30 10:41:01] EDIT simpleNN/controllers/pima1.py: 0
[2018-01-30 10:41:10] EDIT simpleNN/views/pima1/predict1.html: 0
[2018-01-30 10:44:04] EDIT simpleNN/controllers/pima1.py: 0
[2018-01-30 10:44:04] EDIT simpleNN/controllers/pima1.py: 0
[2018-01-30 10:44:13] EDIT simpleNN/controllers/pima1.py: 0
[2018-01-30 10:44:14] EDIT simpleNN/controllers/pima1.py: 0
[2018-01-30 10:45:21] EDIT simpleNN/controllers/pima1.py: 0
[2018-01-30 10:45:22] EDIT simpleNN/controllers/pima1.py: 0
[2018-01-30 10:45:28] EDIT simpleNN/controllers/pima1.py: 0
[2018-01-30 10:45:28] EDIT simpleNN/controllers/pima1.py: 0
[2018-01-30 10:45:59] EDIT simpleNN/controllers/pima1.py: 0
[2018-01-30 10:45:59] EDIT simpleNN/controllers/pima1.py: 0
[2018-01-30 10:46:59] EDIT simpleNN/controllers/pima1.py: -1
[2018-01-30 10:47:42] EDIT simpleNN/controllers/pima1.py: 1
[2018-01-30 10:47:43] EDIT simpleNN/controllers/pima1.py: 0
[2018-01-30 10:52:05] EDIT simpleNN/controllers/default.py: -5
[2018-01-30 10:52:31] EDIT simpleNN/controllers/default.py: 0
[2018-01-30 10:53:01] EDIT simpleNN/controllers/default.py: -2
[2018-01-30 10:53:20] EDIT simpleNN/controllers/default.py: 0
[2018-01-30 10:53:20] EDIT simpleNN/controllers/default.py: 0
[2018-01-30 10:53:21] EDIT simpleNN/controllers/default.py: 0
[2018-01-30 10:53:21] EDIT simpleNN/controllers/default.py: 0
[2018-01-30 10:53:21] EDIT simpleNN/controllers/default.py: 0
[2018-01-30 10:53:31] EDIT simpleNN/controllers/default.py: 0
[2018-01-30 10:53:48] EDIT simpleNN/controllers/default.py: 0
[2018-01-30 10:58:08] EDIT simpleNN/controllers/default.py: 1
[2018-01-30 11:23:57] EDIT simpleNN/controllers/pima1.py: 0
[2018-01-30 11:45:11] EDIT simpleNN/controllers/pima1.py: 1
[2018-01-30 11:50:04] EDIT simpleNN/controllers/default.py: 1
[2018-01-30 11:50:35] EDIT simpleNN/controllers/default.py: 0
[2018-01-30 11:51:51] EDIT simpleNN/controllers/default.py: 0
[2018-01-30 11:52:39] EDIT simpleNN/controllers/default.py: 0
[2018-01-30 11:57:43] EDIT simpleNN/controllers/default.py: 0
[2018-01-30 12:01:56] EDIT simpleNN/controllers/default.py: 8
[2018-01-30 12:02:04] EDIT simpleNN/controllers/default.py: 0
[2018-01-30 12:02:24] EDIT simpleNN/controllers/default.py: 0
[2018-01-30 12:02:33] EDIT simpleNN/controllers/default.py: 0
[2018-01-30 12:05:15] EDIT simpleNN/controllers/pima1.py: 8
[2018-01-30 12:07:26] EDIT simpleNN/controllers/pima1.py: 19
[2018-01-30 12:07:49] EDIT simpleNN/controllers/pima1.py: 0
[2018-01-30 12:08:06] EDIT simpleNN/controllers/pima1.py: -1
[2018-01-30 12:09:01] EDIT simpleNN/controllers/pima1.py: 0
[2018-01-30 12:09:26] EDIT simpleNN/controllers/pima1.py: -1
[2018-01-30 12:11:41] EDIT simpleNN/controllers/pima1.py: -4
[2018-01-30 12:16:55] EDIT simpleNN/controllers/pima1.py: 4
[2018-01-30 12:19:04] EDIT simpleNN/controllers/pima1.py: 10
[2018-01-30 12:22:17] EDIT simpleNN/controllers/pima1.py: -1
[2018-01-30 12:27:41] EDIT simpleNN/controllers/pima1.py: 0
[2018-01-30 12:28:13] EDIT simpleNN/controllers/pima1.py: 0
[2018-01-30 12:28:42] EDIT simpleNN/controllers/pima1.py: 1
[2018-01-30 12:45:51] EDIT simpleNN/controllers/pima1.py: 0
[2018-01-30 12:47:07] EDIT simpleNN/controllers/pima1.py: 0
[2018-03-27 19:24:35] CREATE palomino1.py: 0
[2018-03-27 19:25:04] CREATE palomino1/predict.html: 0
[2018-03-27 19:26:07] EDIT simpleNN/controllers/palomino1.py: 1
[2018-03-27 19:28:59] EDIT simpleNN/views/palomino1/predict.html: 74
[2018-03-27 19:30:02] EDIT simpleNN/controllers/palomino1.py: 7
[2018-03-27 19:30:24] CREATE palomino/result.html: 0
[2018-03-27 19:30:35] EDIT simpleNN/views/palomino/result.html: 1
[2018-03-27 19:30:40] EDIT simpleNN/controllers/palomino1.py: 0
[2018-03-27 19:30:40] EDIT simpleNN/controllers/palomino1.py: 0
[2018-03-27 19:31:44] EDIT simpleNN/views/palomino1/predict.html: 0
[2018-03-27 19:31:45] EDIT simpleNN/views/palomino1/predict.html: 0
[2018-03-27 19:31:45] EDIT simpleNN/views/palomino1/predict.html: 0
[2018-03-27 19:32:28] EDIT simpleNN/views/palomino1/predict.html: 0
[2018-03-27 19:32:29] EDIT simpleNN/views/palomino1/predict.html: 0
[2018-03-27 19:33:02] EDIT simpleNN/views/palomino/result.html: 0
[2018-03-27 19:33:02] EDIT simpleNN/views/palomino/result.html: 0
[2018-03-27 19:34:24] CREATE palomino1/result.html: 0
[2018-03-27 19:37:23] EDIT simpleNN/controllers/palomino1.py: 1
[2018-03-27 19:37:43] EDIT simpleNN/controllers/palomino1.py: 0
[2018-03-27 19:37:43] EDIT simpleNN/controllers/palomino1.py: 0
[2018-03-27 19:38:20] EDIT simpleNN/controllers/palomino1.py: 0
[2018-03-27 19:38:20] EDIT simpleNN/controllers/palomino1.py: 0
[2018-03-27 19:39:33] EDIT simpleNN/views/palomino1/result.html: 1
[2018-03-27 19:39:33] EDIT simpleNN/views/palomino1/result.html: 0
[2018-03-27 19:39:41] EDIT simpleNN/views/palomino1/result.html: 0
[2018-03-27 19:39:41] EDIT simpleNN/views/palomino1/result.html: 0
[2018-03-27 19:40:03] EDIT simpleNN/controllers/palomino1.py: 0
[2018-03-27 19:40:03] EDIT simpleNN/controllers/palomino1.py: 0
[2018-03-27 19:40:15] EDIT simpleNN/controllers/palomino1.py: 0
[2018-03-27 19:40:15] EDIT simpleNN/controllers/palomino1.py: 0
[2018-03-27 19:40:15] EDIT simpleNN/controllers/palomino1.py: 0
[2018-03-27 19:40:24] EDIT simpleNN/views/palomino1/result.html: 0
[2018-03-27 19:40:35] EDIT simpleNN/views/palomino1/result.html: 0
[2018-03-27 19:41:31] EDIT simpleNN/controllers/palomino1.py: -5
[2018-03-27 19:41:31] EDIT simpleNN/controllers/palomino1.py: 0
[2018-03-27 22:32:17] EDIT simpleNN/controllers/palomino1.py: 4
[2018-03-27 22:32:28] EDIT simpleNN/controllers/palomino1.py: 0
[2018-03-27 22:32:46] EDIT simpleNN/controllers/palomino1.py: 0
[2018-03-27 22:33:52] EDIT simpleNN/controllers/palomino1.py: 3
[2018-03-27 22:33:52] EDIT simpleNN/controllers/palomino1.py: 0
[2018-03-27 22:35:35] EDIT simpleNN/controllers/palomino1.py: 1
[2018-03-27 22:35:43] EDIT simpleNN/views/palomino1/predict.html: 0
[2018-03-27 22:35:49] EDIT simpleNN/views/palomino1/result.html: 0
[2018-03-27 22:36:26] EDIT simpleNN/controllers/palomino1.py: 0
[2018-03-27 22:36:27] EDIT simpleNN/controllers/palomino1.py: 0
[2018-03-27 22:37:17] EDIT simpleNN/controllers/palomino1.py: 0
[2018-03-27 22:37:17] EDIT simpleNN/controllers/palomino1.py: 0
[2018-03-27 22:37:52] EDIT simpleNN/controllers/palomino1.py: -1
[2018-03-27 22:38:04] EDIT simpleNN/controllers/palomino1.py: -1
[2018-03-27 22:38:04] EDIT simpleNN/controllers/palomino1.py: 0
[2018-03-27 22:38:10] EDIT simpleNN/controllers/palomino1.py: -1
[2018-03-27 22:39:10] EDIT simpleNN/controllers/palomino1.py: 0
[2018-03-28 09:51:10] EDIT simpleNN/views/palomino1/predict.html: 7
[2018-03-28 09:55:15] EDIT simpleNN/controllers/palomino1.py: 2
[2018-03-28 09:56:14] EDIT simpleNN/views/palomino1/predict.html: 0
[2018-03-28 09:56:15] EDIT simpleNN/views/palomino1/predict.html: 0
[2018-03-28 09:56:37] EDIT simpleNN/controllers/palomino1.py: 0
[2018-03-28 13:37:36] EDIT simpleNN/views/palomino1/predict.html: 0
[2018-03-28 13:38:24] EDIT simpleNN/views/pima1/predict1.html: 0
[2018-04-02 21:39:20] EDIT simpleNN/controllers/palomino1.py: 0
[2018-04-02 21:40:00] EDIT simpleNN/controllers/palomino1.py: 1
[2018-04-02 21:40:00] EDIT simpleNN/controllers/palomino1.py: 0
[2018-04-02 21:40:04] EDIT simpleNN/controllers/palomino1.py: 0
[2018-04-02 21:40:04] EDIT simpleNN/controllers/palomino1.py: 0
[2018-04-02 21:40:10] EDIT simpleNN/controllers/palomino1.py: 0
[2018-04-02 21:42:10] EDIT simpleNN/controllers/palomino1.py: 0
[2018-04-02 21:42:10] EDIT simpleNN/controllers/palomino1.py: 0
[2018-04-02 21:42:36] EDIT simpleNN/controllers/palomino1.py: 0
[2018-04-02 21:42:44] EDIT simpleNN/controllers/palomino1.py: 0
[2018-04-02 21:43:07] EDIT simpleNN/controllers/palomino1.py: 0
[2018-04-02 21:44:06] EDIT simpleNN/controllers/palomino1.py: 1
[2018-04-02 21:44:06] EDIT simpleNN/controllers/palomino1.py: 0
[2018-04-02 21:44:09] EDIT simpleNN/controllers/palomino1.py: 0
[2018-04-02 21:44:43] EDIT simpleNN/controllers/palomino1.py: 0
[2018-04-02 21:45:18] EDIT simpleNN/controllers/palomino1.py: 0
[2018-04-02 21:45:18] EDIT simpleNN/controllers/palomino1.py: 0
[2018-04-02 21:45:40] EDIT simpleNN/controllers/palomino1.py: 0
[2018-04-02 21:45:48] EDIT simpleNN/controllers/palomino1.py: 0
[2018-04-02 21:45:59] EDIT simpleNN/controllers/palomino1.py: 0
[2018-04-02 21:47:49] EDIT simpleNN/controllers/palomino1.py: 1
[2018-04-02 21:47:50] EDIT simpleNN/controllers/palomino1.py: 0
[2018-04-02 21:47:59] EDIT simpleNN/controllers/palomino1.py: 0
[2018-04-02 21:49:31] EDIT simpleNN/controllers/palomino1.py: 0
[2018-04-02 21:49:44] EDIT simpleNN/controllers/palomino1.py: 0
[2018-04-02 21:49:52] EDIT simpleNN/controllers/palomino1.py: 0
[2018-04-02 21:49:55] EDIT simpleNN/controllers/palomino1.py: 0
[2018-04-02 21:49:55] EDIT simpleNN/controllers/palomino1.py: 0
[2018-04-02 21:50:38] EDIT simpleNN/controllers/palomino1.py: 0
[2018-04-02 21:50:38] EDIT simpleNN/controllers/palomino1.py: 0
[2018-04-02 21:51:22] EDIT simpleNN/controllers/palomino1.py: 0
[2018-04-02 21:51:22] EDIT simpleNN/controllers/palomino1.py: 0
[2018-04-02 21:51:22] EDIT simpleNN/controllers/palomino1.py: 0
[2018-04-02 21:51:22] EDIT simpleNN/controllers/palomino1.py: 0
[2018-04-02 21:51:30] EDIT simpleNN/controllers/palomino1.py: 0
[2018-04-02 21:51:30] EDIT simpleNN/controllers/palomino1.py: 0
[2018-04-02 21:51:31] EDIT simpleNN/controllers/palomino1.py: 0
[2018-04-02 21:51:31] EDIT simpleNN/controllers/palomino1.py: 0
[2018-04-02 21:51:55] EDIT simpleNN/controllers/palomino1.py: 0
[2018-04-02 21:51:55] EDIT simpleNN/controllers/palomino1.py: 0
[2018-04-02 21:51:56] EDIT simpleNN/controllers/palomino1.py: 0
[2018-04-02 21:52:12] EDIT simpleNN/controllers/palomino1.py: 0
[2018-04-02 21:52:12] EDIT simpleNN/controllers/palomino1.py: 0
[2018-04-02 21:52:57] EDIT simpleNN/controllers/palomino1.py: 1
[2018-04-02 21:52:57] EDIT simpleNN/controllers/palomino1.py: 0
[2018-04-02 21:52:58] EDIT simpleNN/controllers/palomino1.py: 0
[2018-04-02 21:53:10] EDIT simpleNN/controllers/palomino1.py: -1
[2018-04-02 21:53:10] EDIT simpleNN/controllers/palomino1.py: 0
[2018-04-02 21:53:33] EDIT simpleNN/controllers/palomino1.py: 0
[2018-04-02 21:53:33] EDIT simpleNN/controllers/palomino1.py: 0
[2018-04-02 21:54:02] EDIT simpleNN/controllers/palomino1.py: 1
[2018-04-02 21:54:02] EDIT simpleNN/controllers/palomino1.py: 0
[2018-04-02 21:54:15] EDIT simpleNN/controllers/palomino1.py: 0
[2018-04-02 21:54:15] EDIT simpleNN/controllers/palomino1.py: 0
[2018-04-02 21:54:43] EDIT simpleNN/controllers/palomino1.py: 0
[2018-04-02 21:55:44] EDIT simpleNN/controllers/palomino1.py: 0
[2018-04-02 21:55:44] EDIT simpleNN/controllers/palomino1.py: 0
[2018-04-02 21:55:51] EDIT simpleNN/controllers/palomino1.py: 0
[2018-04-02 21:55:52] EDIT simpleNN/controllers/palomino1.py: 0
[2018-04-02 21:56:37] EDIT simpleNN/controllers/palomino1.py: 1
[2018-04-02 21:56:37] EDIT simpleNN/controllers/palomino1.py: 0
[2018-04-02 21:57:08] EDIT simpleNN/controllers/palomino1.py: -1
[2018-04-02 21:57:08] EDIT simpleNN/controllers/palomino1.py: 0
[2018-04-02 21:59:22] EDIT simpleNN/controllers/palomino1.py: 14
[2018-04-02 21:59:35] EDIT simpleNN/controllers/palomino1.py: 0
[2018-04-02 21:59:35] EDIT simpleNN/controllers/palomino1.py: 0
[2018-04-02 22:01:11] EDIT simpleNN/controllers/palomino1.py: -2
[2018-04-02 22:01:11] EDIT simpleNN/controllers/palomino1.py: 0
[2018-04-04 09:25:05] EDIT simpleNN/views/palomino1/predict.html: 0
[2018-04-04 09:25:06] EDIT simpleNN/views/palomino1/predict.html: 0
[2018-04-04 09:25:30] EDIT simpleNN/views/pima1/predict1.html: 0
[2018-04-04 09:25:30] EDIT simpleNN/views/pima1/predict1.html: 0
[2018-04-04 09:25:35] EDIT simpleNN/views/palomino1/predict.html: 0
[2018-04-05 23:01:07] DELETE simpleNN/views/palomino/result.html: -4
[2018-04-05 23:01:13] DELETE simpleNN/views/pima1/predict1.html.1: -77
[2018-04-05 23:06:16] EDIT simpleNN/views/palomino1/predict.html: 0
[2018-04-05 23:06:16] EDIT simpleNN/views/palomino1/predict.html: 0
[2018-04-05 23:06:52] EDIT simpleNN/views/palomino1/predict.html: 0
[2018-04-05 23:06:52] EDIT simpleNN/views/palomino1/predict.html: 0
[2018-04-05 23:08:42] EDIT simpleNN/views/palomino1/predict.html: 0
[2018-04-05 23:08:42] EDIT simpleNN/views/palomino1/predict.html: 0
[2018-04-05 23:09:09] EDIT simpleNN/views/pima1/predict1.html: -1
[2018-04-05 23:09:48] EDIT simpleNN/views/pima1/predict1.html: 0
